Using pre-set license
Built from '2022.1/release' branch; Version is '2022.1.21f1 (9ac1ff5ca45b) revision 10142207'; Using compiler version '192829333'; Build Type 'Release'
OS: 'Windows 10  (10.0.19043) 64bit Professional' Language: 'es' Physical Memory: 32489 MB
BatchMode: 1, IsHumanControllingUs: 0, StartBugReporterOnCrash: 0, Is64bit: 1, IsPro: 1

COMMAND LINE ARGUMENTS:
C:\Program Files\Unity\Hub\Editor\2022.1.21f1\Editor\Unity.exe
-adb2
-batchMode
-noUpm
-name
AssetImportWorker0
-projectPath
C:/Users/Alumno/Documents/GitHub/AMD/AMD
-logFile
Logs/AssetImportWorker0.log
-srvPort
50877
Successfully changed project path to: C:/Users/Alumno/Documents/GitHub/AMD/AMD
C:/Users/Alumno/Documents/GitHub/AMD/AMD
[UnityMemory] Configuration Parameters - Can be set up in boot.config
    "memorysetup-bucket-allocator-granularity=16"
    "memorysetup-bucket-allocator-bucket-count=8"
    "memorysetup-bucket-allocator-block-size=33554432"
    "memorysetup-bucket-allocator-block-count=8"
    "memorysetup-main-allocator-block-size=16777216"
    "memorysetup-thread-allocator-block-size=16777216"
    "memorysetup-gfx-main-allocator-block-size=16777216"
    "memorysetup-gfx-thread-allocator-block-size=16777216"
    "memorysetup-cache-allocator-block-size=4194304"
    "memorysetup-typetree-allocator-block-size=2097152"
    "memorysetup-profiler-bucket-allocator-granularity=16"
    "memorysetup-profiler-bucket-allocator-bucket-count=8"
    "memorysetup-profiler-bucket-allocator-block-size=33554432"
    "memorysetup-profiler-bucket-allocator-block-count=8"
    "memorysetup-profiler-allocator-block-size=16777216"
    "memorysetup-profiler-editor-allocator-block-size=1048576"
    "memorysetup-temp-allocator-size-main=16777216"
    "memorysetup-job-temp-allocator-block-size=2097152"
    "memorysetup-job-temp-allocator-block-size-background=1048576"
    "memorysetup-job-temp-allocator-reduction-small-platforms=262144"
    "memorysetup-temp-allocator-size-background-worker=32768"
    "memorysetup-temp-allocator-size-job-worker=262144"
    "memorysetup-temp-allocator-size-preload-manager=33554432"
    "memorysetup-temp-allocator-size-nav-mesh-worker=65536"
    "memorysetup-temp-allocator-size-audio-worker=65536"
    "memorysetup-temp-allocator-size-cloud-worker=32768"
    "memorysetup-temp-allocator-size-gi-baking-worker=262144"
    "memorysetup-temp-allocator-size-gfx=262144"
Refreshing native plugins compatible for Editor in 56.79 ms, found 3 plugins.
Preloading 0 native plugins for Editor in 0.00 ms.
Initialize engine version: 2022.1.21f1 (9ac1ff5ca45b)
[Subsystems] Discovering subsystems at path C:/Program Files/Unity/Hub/Editor/2022.1.21f1/Editor/Data/Resources/UnitySubsystems
[Subsystems] Discovering subsystems at path C:/Users/Alumno/Documents/GitHub/AMD/AMD/Assets
GfxDevice: creating device client; threaded=0; jobified=0
Direct3D:
    Version:  Direct3D 11.0 [level 11.1]
    Renderer: NVIDIA T1000 (ID=0x1fb0)
    Vendor:   NVIDIA
    VRAM:     3962 MB
    Driver:   30.0.15.1215
Initialize mono
Mono path[0] = 'C:/Program Files/Unity/Hub/Editor/2022.1.21f1/Editor/Data/Managed'
Mono path[1] = 'C:/Program Files/Unity/Hub/Editor/2022.1.21f1/Editor/Data/MonoBleedingEdge/lib/mono/unityjit-win32'
Mono config path = 'C:/Program Files/Unity/Hub/Editor/2022.1.21f1/Editor/Data/MonoBleedingEdge/etc'
Using monoOptions --debugger-agent=transport=dt_socket,embedding=1,server=y,suspend=n,address=127.0.0.1:56708
Begin MonoManager ReloadAssembly
Registering precompiled unity dll's ...
Register platform support module: C:/Program Files/Unity/Hub/Editor/2022.1.21f1/Editor/Data/PlaybackEngines/AndroidPlayer/UnityEditor.Android.Extensions.dll
Register platform support module: C:/Program Files/Unity/Hub/Editor/2022.1.21f1/Editor/Data/PlaybackEngines/iOSSupport/UnityEditor.iOS.Extensions.dll
Register platform support module: C:/Program Files/Unity/Hub/Editor/2022.1.21f1/Editor/Data/PlaybackEngines/WindowsStandaloneSupport/UnityEditor.WindowsStandalone.Extensions.dll
Registered in 0.006392 seconds.
Native extension for WindowsStandalone target not found
[usbmuxd] Start listen thread
[usbmuxd] Listen thread started
Native extension for iOS target not found
Native extension for Android target not found
Refreshing native plugins compatible for Editor in 57.20 ms, found 3 plugins.
Preloading 0 native plugins for Editor in 0.00 ms.
Mono: successfully reloaded assembly
- Completed reload, in  0.557 seconds
Domain Reload Profiling:
	ReloadAssembly (557ms)
		BeginReloadAssembly (57ms)
			ExecutionOrderSort (0ms)
			DisableScriptedObjects (0ms)
			BackupInstance (0ms)
			ReleaseScriptingObjects (0ms)
			CreateAndSetChildDomain (1ms)
		EndReloadAssembly (411ms)
			LoadAssemblies (55ms)
			RebuildTransferFunctionScriptingTraits (0ms)
			SetupTypeCache (99ms)
				TypeCache.Initialize (99ms)
					TypeCache.ScanAssembly (98ms)
				ResolveRequiredComponents (0ms)
			ReleaseScriptCaches (0ms)
			RebuildScriptCaches (23ms)
			SetupLoadedEditorAssemblies (246ms)
				LogAssemblyErrors (0ms)
				InitializePlatformSupportModulesInManaged (53ms)
				SetLoadedEditorAssemblies (7ms)
				RefreshPlugins (57ms)
				BeforeProcessingInitializeOnLoad (1ms)
				ProcessInitializeOnLoadAttributes (86ms)
				ProcessInitializeOnLoadMethodAttributes (41ms)
				AfterProcessingInitializeOnLoad (0ms)
				EditorAssembliesLoaded (0ms)
			ExecutionOrderSort2 (0ms)
			AwakeInstancesAfterBackupRestoration (0ms)
Platform modules already initialized, skipping
Registering precompiled user dll's ...
Registered in 0.004174 seconds.
Begin MonoManager ReloadAssembly
Symbol file LoadedFromMemory doesn't match image C:\Users\Alumno\Documents\GitHub\AMD\AMD\Library\PackageCache\com.unity.visualscripting@1.7.8\Editor\VisualScripting.Core\Dependencies\YamlDotNet\Unity.VisualScripting.YamlDotNet.dll
Symbol file LoadedFromMemory doesn't match image C:\Users\Alumno\Documents\GitHub\AMD\AMD\Library\PackageCache\com.unity.visualscripting@1.7.8\Editor\VisualScripting.Core\Dependencies\DotNetZip\Unity.VisualScripting.IonicZip.dll
Native extension for WindowsStandalone target not found
Native extension for iOS target not found
Native extension for Android target not found
Refreshing native plugins compatible for Editor in 0.40 ms, found 3 plugins.
Preloading 0 native plugins for Editor in 0.00 ms.
Mono: successfully reloaded assembly
- Completed reload, in  0.936 seconds
Domain Reload Profiling:
	ReloadAssembly (937ms)
		BeginReloadAssembly (204ms)
			ExecutionOrderSort (0ms)
			DisableScriptedObjects (4ms)
			BackupInstance (0ms)
			ReleaseScriptingObjects (0ms)
			CreateAndSetChildDomain (130ms)
		EndReloadAssembly (638ms)
			LoadAssemblies (66ms)
			RebuildTransferFunctionScriptingTraits (0ms)
			SetupTypeCache (201ms)
				TypeCache.Initialize (198ms)
					TypeCache.ScanAssembly (195ms)
				ResolveRequiredComponents (3ms)
			ReleaseScriptCaches (0ms)
			RebuildScriptCaches (39ms)
			SetupLoadedEditorAssemblies (300ms)
				LogAssemblyErrors (0ms)
				InitializePlatformSupportModulesInManaged (18ms)
				SetLoadedEditorAssemblies (6ms)
				RefreshPlugins (0ms)
				BeforeProcessingInitializeOnLoad (69ms)
				ProcessInitializeOnLoadAttributes (181ms)
				ProcessInitializeOnLoadMethodAttributes (21ms)
				AfterProcessingInitializeOnLoad (5ms)
				EditorAssembliesLoaded (0ms)
			ExecutionOrderSort2 (0ms)
			AwakeInstancesAfterBackupRestoration (4ms)
Platform modules already initialized, skipping
========================================================================
Worker process is ready to serve import requests
Launched and connected shader compiler UnityShaderCompiler.exe after 0.03 seconds
Refreshing native plugins compatible for Editor in 0.71 ms, found 3 plugins.
Preloading 0 native plugins for Editor in 0.00 ms.
Unloading 3401 Unused Serialized files (Serialized files now loaded: 0)
Unloading 26 unused Assets / (58.2 KB). Loaded Objects now: 3863.
Memory consumption went from 0.51 GB to 0.51 GB.
Total: 3.093100 ms (FindLiveObjects: 0.210800 ms CreateObjectMapping: 0.100300 ms MarkObjects: 2.672800 ms  DeleteObjects: 0.108300 ms)

AssetImportParameters requested are different than current active one (requested -> active):
  custom:video-decoder-ogg-theora: a1e56fd34408186e4bbccfd4996cb3dc -> 
  custom:container-muxer-webm: aa71ff27fc2769a1b78a27578f13a17b -> 
  custom:container-demuxer-webm: 4f35f7cbe854078d1ac9338744f61a02 -> 
  custom:video-encoder-webm-vp8: eb34c28f22e8b96e1ab97ce403110664 -> 
  custom:audio-encoder-webm-vorbis: bf7c407c2cedff20999df2af8eb42d56 -> 
  custom:framework-win-MediaFoundation: 216162199b28c13a410421893ffa2e32 -> 
  custom:container-demuxer-ogg: 62fdf1f143b41e24485cea50d1cbac27 -> 
  custom:video-decoder-webm-vp8: 9c59270c3fd7afecdb556c50c9e8de78 -> 
  custom:audio-decoder-ogg-vorbis: bf7c407c2cedff20999df2af8eb42d56 -> 
========================================================================
Received Import Request.
  Time since last request: 1016.226376 seconds.
  path: Assets/_Data/Scenes/UILobby.unity
  artifactKey: Guid(1e541dc7303bab54a984d0f292a45453) Importer(815301076,1909f56bfc062723c751e8b465ee728b)
Start importing Assets/_Data/Scenes/UILobby.unity using Guid(1e541dc7303bab54a984d0f292a45453) Importer(815301076,1909f56bfc062723c751e8b465ee728b)  -> (artifact id: 'f35d4fca41e6cf15f30d376bf31ab344') in 0.007403 seconds 
========================================================================
Received Import Request.
  Time since last request: 432.947740 seconds.
  path: Assets/_Data/Prefabs/PrecisionTarget.prefab
  artifactKey: Guid(0c15cbe1c5a54e242995bd166a6d2e43) Importer(815301076,1909f56bfc062723c751e8b465ee728b)
Start importing Assets/_Data/Prefabs/PrecisionTarget.prefab using Guid(0c15cbe1c5a54e242995bd166a6d2e43) Importer(815301076,1909f56bfc062723c751e8b465ee728b)  -> (artifact id: '1622f978493c17e0ea3ee76fdf578551') in 0.232742 seconds 
========================================================================
Received Import Request.
  Time since last request: 1.725871 seconds.
  path: Assets/_Data/Prefabs
  artifactKey: Guid(212018f3f720dec46b7e9d88531e579d) Importer(815301076,1909f56bfc062723c751e8b465ee728b)
Start importing Assets/_Data/Prefabs using Guid(212018f3f720dec46b7e9d88531e579d) Importer(815301076,1909f56bfc062723c751e8b465ee728b)  -> (artifact id: 'e15f5c938db0864b70dc28505a2023f5') in 0.005893 seconds 
========================================================================
Received Import Request.
  Time since last request: 8.047625 seconds.
  path: Assets/_Data/Prefabs/UILobby
  artifactKey: Guid(6a8c0abc3d024cb428f8e8c63a18f975) Importer(815301076,1909f56bfc062723c751e8b465ee728b)
Start importing Assets/_Data/Prefabs/UILobby using Guid(6a8c0abc3d024cb428f8e8c63a18f975) Importer(815301076,1909f56bfc062723c751e8b465ee728b)  -> (artifact id: '13ed05b6cf2e43f4c214c90e9928acbc') in 0.004991 seconds 
========================================================================
Received Import Request.
  Time since last request: 60.032503 seconds.
  path: Assets/_Data/Prefabs/UILobby/Button.prefab
  artifactKey: Guid(09e3bc86575491c44bd7f4156b1709f0) Importer(815301076,1909f56bfc062723c751e8b465ee728b)
Start importing Assets/_Data/Prefabs/UILobby/Button.prefab using Guid(09e3bc86575491c44bd7f4156b1709f0) Importer(815301076,1909f56bfc062723c751e8b465ee728b)  -> (artifact id: 'e99da644171c4bbc1cf0d0d0b9efe2dd') in 0.017490 seconds 
========================================================================
Received Import Request.
  Time since last request: 17.485212 seconds.
  path: Assets/_Data/Prefabs/UILobby/Button.prefab
  artifactKey: Guid(09e3bc86575491c44bd7f4156b1709f0) Importer(815301076,1909f56bfc062723c751e8b465ee728b)
Start importing Assets/_Data/Prefabs/UILobby/Button.prefab using Guid(09e3bc86575491c44bd7f4156b1709f0) Importer(815301076,1909f56bfc062723c751e8b465ee728b)  -> (artifact id: 'bee0982a7e31376c549c7e30bd8d5aa0') in 0.004264 seconds 
========================================================================
Received Import Request.
  Time since last request: 12.721639 seconds.
  path: Assets/_Data/Prefabs/UILobby/Button.prefab
  artifactKey: Guid(09e3bc86575491c44bd7f4156b1709f0) Importer(815301076,1909f56bfc062723c751e8b465ee728b)
Start importing Assets/_Data/Prefabs/UILobby/Button.prefab using Guid(09e3bc86575491c44bd7f4156b1709f0) Importer(815301076,1909f56bfc062723c751e8b465ee728b)  -> (artifact id: '81849ef3c13619656074199be8282144') in 0.004034 seconds 
========================================================================
Received Import Request.
  Time since last request: 14.780577 seconds.
  path: Assets/_Data/Prefabs/UILobby/Button.prefab
  artifactKey: Guid(09e3bc86575491c44bd7f4156b1709f0) Importer(815301076,1909f56bfc062723c751e8b465ee728b)
Start importing Assets/_Data/Prefabs/UILobby/Button.prefab using Guid(09e3bc86575491c44bd7f4156b1709f0) Importer(815301076,1909f56bfc062723c751e8b465ee728b)  -> (artifact id: '97ddfcc07db71e112d29e30563e85982') in 0.004038 seconds 
========================================================================
Received Import Request.
  Time since last request: 26.953101 seconds.
  path: Assets/_Data/Prefabs/UILobby/Button.prefab
  artifactKey: Guid(09e3bc86575491c44bd7f4156b1709f0) Importer(815301076,1909f56bfc062723c751e8b465ee728b)
Start importing Assets/_Data/Prefabs/UILobby/Button.prefab using Guid(09e3bc86575491c44bd7f4156b1709f0) Importer(815301076,1909f56bfc062723c751e8b465ee728b)  -> (artifact id: 'ee00605c56c4f4bcd685bba8d4f39d72') in 0.003947 seconds 
========================================================================
Received Import Request.
  Time since last request: 13.336878 seconds.
  path: Assets/_Data/Prefabs/UILobby/Button.prefab
  artifactKey: Guid(09e3bc86575491c44bd7f4156b1709f0) Importer(815301076,1909f56bfc062723c751e8b465ee728b)
Start importing Assets/_Data/Prefabs/UILobby/Button.prefab using Guid(09e3bc86575491c44bd7f4156b1709f0) Importer(815301076,1909f56bfc062723c751e8b465ee728b)  -> (artifact id: 'a1f7760d7d797af48deea5aa1e4300e8') in 0.004446 seconds 
========================================================================
Received Import Request.
  Time since last request: 429.397351 seconds.
  path: Assets/_Data/Prefabs/UILobby/Button.prefab
  artifactKey: Guid(09e3bc86575491c44bd7f4156b1709f0) Importer(815301076,1909f56bfc062723c751e8b465ee728b)
Start importing Assets/_Data/Prefabs/UILobby/Button.prefab using Guid(09e3bc86575491c44bd7f4156b1709f0) Importer(815301076,1909f56bfc062723c751e8b465ee728b)  -> (artifact id: 'f51a0c96af062bac042f877a0adcb096') in 0.008775 seconds 
========================================================================
Received Import Request.
  Time since last request: 18.986155 seconds.
  path: Assets/_Data/Prefabs/UILobby/Button.prefab
  artifactKey: Guid(09e3bc86575491c44bd7f4156b1709f0) Importer(815301076,1909f56bfc062723c751e8b465ee728b)
Start importing Assets/_Data/Prefabs/UILobby/Button.prefab using Guid(09e3bc86575491c44bd7f4156b1709f0) Importer(815301076,1909f56bfc062723c751e8b465ee728b)  -> (artifact id: '7ab7a62f8ab706d6c32ba853b94441f3') in 0.034226 seconds 
========================================================================
Received Prepare
Registering precompiled user dll's ...
Registered in 0.003862 seconds.
Begin MonoManager ReloadAssembly
IOException: Sharing violation on path C:\Users\Alumno\Documents\GitHub\AMD\AMD\ProjectSettings\Packages\com.unity.testtools.codecoverage\Settings.json
  at System.IO.FileStream..ctor (System.String path, System.IO.FileMode mode, System.IO.FileAccess access, System.IO.FileShare share, System.Int32 bufferSize, System.Boolean anonymous, System.IO.FileOptions options) [0x0019e] in <3dd5df5ef4974f29afeb2d3ba227c5da>:0 
  at System.IO.FileStream..ctor (System.String path, System.IO.FileMode mode, System.IO.FileAccess access, System.IO.FileShare share, System.Int32 bufferSize, System.IO.FileOptions options) [0x00000] in <3dd5df5ef4974f29afeb2d3ba227c5da>:0 
  at (wrapper remoting-invoke-with-check) System.IO.FileStream..ctor(string,System.IO.FileMode,System.IO.FileAccess,System.IO.FileShare,int,System.IO.FileOptions)
  at System.IO.StreamWriter..ctor (System.String path, System.Boolean append, System.Text.Encoding encoding, System.Int32 bufferSize) [0x00055] in <3dd5df5ef4974f29afeb2d3ba227c5da>:0 
  at System.IO.StreamWriter..ctor (System.String path) [0x00008] in <3dd5df5ef4974f29afeb2d3ba227c5da>:0 
  at (wrapper remoting-invoke-with-check) System.IO.StreamWriter..ctor(string)
  at System.IO.File.WriteAllText (System.String path, System.String contents) [0x00026] in <3dd5df5ef4974f29afeb2d3ba227c5da>:0 
  at UnityEditor.SettingsManagement.FileSettingsRepository.Save () [0x000e2] in C:\Users\Alumno\Documents\GitHub\AMD\AMD\Library\PackageCache\com.unity.settings-manager@2.0.1\Editor\FileSettingsRepository.cs:154 
  at UnityEditor.AssemblyReloadEvents.OnBeforeAssemblyReload () [0x00017] in <57f7047e30904c739d3a054a0390f144>:0 

(Filename: Library/PackageCache/com.unity.settings-manager@2.0.1/Editor/FileSettingsRepository.cs Line: 154)

Symbol file LoadedFromMemory doesn't match image C:\Users\Alumno\Documents\GitHub\AMD\AMD\Library\PackageCache\com.unity.visualscripting@1.7.8\Editor\VisualScripting.Core\Dependencies\YamlDotNet\Unity.VisualScripting.YamlDotNet.dll
Symbol file LoadedFromMemory doesn't match image C:\Users\Alumno\Documents\GitHub\AMD\AMD\Library\PackageCache\com.unity.visualscripting@1.7.8\Editor\VisualScripting.Core\Dependencies\DotNetZip\Unity.VisualScripting.IonicZip.dll
Native extension for WindowsStandalone target not found
Native extension for iOS target not found
Native extension for Android target not found
Refreshing native plugins compatible for Editor in 0.47 ms, found 3 plugins.
Preloading 0 native plugins for Editor in 0.00 ms.
Mono: successfully reloaded assembly
- Completed reload, in  0.779 seconds
Domain Reload Profiling:
	ReloadAssembly (779ms)
		BeginReloadAssembly (118ms)
			ExecutionOrderSort (0ms)
			DisableScriptedObjects (3ms)
			BackupInstance (0ms)
			ReleaseScriptingObjects (0ms)
			CreateAndSetChildDomain (31ms)
		EndReloadAssembly (581ms)
			LoadAssemblies (76ms)
			RebuildTransferFunctionScriptingTraits (0ms)
			SetupTypeCache (197ms)
				TypeCache.Initialize (194ms)
					TypeCache.ScanAssembly (189ms)
				ResolveRequiredComponents (3ms)
			ReleaseScriptCaches (1ms)
			RebuildScriptCaches (29ms)
			SetupLoadedEditorAssemblies (253ms)
				LogAssemblyErrors (0ms)
				InitializePlatformSupportModulesInManaged (28ms)
				SetLoadedEditorAssemblies (5ms)
				RefreshPlugins (1ms)
				BeforeProcessingInitializeOnLoad (44ms)
				ProcessInitializeOnLoadAttributes (151ms)
				ProcessInitializeOnLoadMethodAttributes (19ms)
				AfterProcessingInitializeOnLoad (5ms)
				EditorAssembliesLoaded (0ms)
			ExecutionOrderSort2 (0ms)
			AwakeInstancesAfterBackupRestoration (4ms)
Platform modules already initialized, skipping
Refreshing native plugins compatible for Editor in 1.35 ms, found 3 plugins.
Preloading 0 native plugins for Editor in 0.00 ms.
Unloading 3440 Unused Serialized files (Serialized files now loaded: 0)
Unloading 33 unused Assets / (0.7 MB). Loaded Objects now: 3909.
Memory consumption went from 0.52 GB to 0.52 GB.
Total: 2.748500 ms (FindLiveObjects: 0.200400 ms CreateObjectMapping: 0.102200 ms MarkObjects: 2.179800 ms  DeleteObjects: 0.265000 ms)

AssetImportParameters requested are different than current active one (requested -> active):
  custom:video-decoder-ogg-theora: a1e56fd34408186e4bbccfd4996cb3dc -> 
  custom:container-muxer-webm: aa71ff27fc2769a1b78a27578f13a17b -> 
  custom:container-demuxer-webm: 4f35f7cbe854078d1ac9338744f61a02 -> 
  custom:video-encoder-webm-vp8: eb34c28f22e8b96e1ab97ce403110664 -> 
  custom:audio-encoder-webm-vorbis: bf7c407c2cedff20999df2af8eb42d56 -> 
  custom:framework-win-MediaFoundation: 216162199b28c13a410421893ffa2e32 -> 
  custom:container-demuxer-ogg: 62fdf1f143b41e24485cea50d1cbac27 -> 
  custom:video-decoder-webm-vp8: 9c59270c3fd7afecdb556c50c9e8de78 -> 
  custom:audio-decoder-ogg-vorbis: bf7c407c2cedff20999df2af8eb42d56 -> 
========================================================================
Received Import Request.
  Time since last request: 1202.662482 seconds.
  path: Assets/_Data/Scenes/SampleScene.unity
  artifactKey: Guid(9fc0d4010bbf28b4594072e72b8655ab) Importer(815301076,1909f56bfc062723c751e8b465ee728b)
Start importing Assets/_Data/Scenes/SampleScene.unity using Guid(9fc0d4010bbf28b4594072e72b8655ab) Importer(815301076,1909f56bfc062723c751e8b465ee728b)  -> (artifact id: '5e93014a8ada8b7605b2bc84bcca5367') in 0.007932 seconds 
========================================================================
Received Import Request.
  Time since last request: 43.532473 seconds.
  path: Assets/_Data/Scenes/UILobby.unity
  artifactKey: Guid(1e541dc7303bab54a984d0f292a45453) Importer(815301076,1909f56bfc062723c751e8b465ee728b)
Start importing Assets/_Data/Scenes/UILobby.unity using Guid(1e541dc7303bab54a984d0f292a45453) Importer(815301076,1909f56bfc062723c751e8b465ee728b)  -> (artifact id: '79de9f7fa9eae055e48827249d6a5275') in 0.005486 seconds 
========================================================================
Received Import Request.
  Time since last request: 174.182938 seconds.
  path: Assets/Plugins/Demigiant
  artifactKey: Guid(9f80792dcd2829e41b1f075e7245ca5b) Importer(815301076,1909f56bfc062723c751e8b465ee728b)
Start importing Assets/Plugins/Demigiant using Guid(9f80792dcd2829e41b1f075e7245ca5b) Importer(815301076,1909f56bfc062723c751e8b465ee728b)  -> (artifact id: '7f519b9f0d65c5f50735b9ffeb29de09') in 0.005492 seconds 
========================================================================
Received Import Request.
  Time since last request: 1.493519 seconds.
  path: Assets/Plugins/Demigiant/DOTweenPro
  artifactKey: Guid(af55cfd0e7084ab4884c5a4f29b62d9f) Importer(815301076,1909f56bfc062723c751e8b465ee728b)
Start importing Assets/Plugins/Demigiant/DOTweenPro using Guid(af55cfd0e7084ab4884c5a4f29b62d9f) Importer(815301076,1909f56bfc062723c751e8b465ee728b)  -> (artifact id: '686b67dfdcce25e01a1812c818a6e5a2') in 0.005887 seconds 
========================================================================
Received Import Request.
  Time since last request: 20.998219 seconds.
  path: Assets/Plugins/Demigiant/DOTweenPro Examples
  artifactKey: Guid(0e606767f2f03204fb289d21d2696684) Importer(815301076,1909f56bfc062723c751e8b465ee728b)
Start importing Assets/Plugins/Demigiant/DOTweenPro Examples using Guid(0e606767f2f03204fb289d21d2696684) Importer(815301076,1909f56bfc062723c751e8b465ee728b)  -> (artifact id: '7783801c1e3c4a1925f282c6865b3d50') in 0.009052 seconds 
========================================================================
Received Import Request.
  Time since last request: 12.042228 seconds.
  path: Assets/Plugins/Demigiant/DOTween
  artifactKey: Guid(a50bd9a009c8dfc4ebd88cc8101225a7) Importer(815301076,1909f56bfc062723c751e8b465ee728b)
Start importing Assets/Plugins/Demigiant/DOTween using Guid(a50bd9a009c8dfc4ebd88cc8101225a7) Importer(815301076,1909f56bfc062723c751e8b465ee728b)  -> (artifact id: '8a0c00e087ccca026529c14e3b9361ac') in 0.006666 seconds 
========================================================================
Received Import Request.
  Time since last request: 6.222773 seconds.
  path: Assets/Plugins/Demigiant/DemiLib
  artifactKey: Guid(5a499e4809836274eb38cd99b370a2c1) Importer(815301076,1909f56bfc062723c751e8b465ee728b)
Start importing Assets/Plugins/Demigiant/DemiLib using Guid(5a499e4809836274eb38cd99b370a2c1) Importer(815301076,1909f56bfc062723c751e8b465ee728b)  -> (artifact id: '5d793cdb4f4ad86938296d14fbc3280f') in 0.006110 seconds 
========================================================================
Received Import Request.
  Time since last request: 1.788231 seconds.
  path: Assets/Plugins/Demigiant/DemiLib/Core
  artifactKey: Guid(03513cf143bb144409fbb3a51ec77b1b) Importer(815301076,1909f56bfc062723c751e8b465ee728b)
Start importing Assets/Plugins/Demigiant/DemiLib/Core using Guid(03513cf143bb144409fbb3a51ec77b1b) Importer(815301076,1909f56bfc062723c751e8b465ee728b)  -> (artifact id: '29f0d0897fd21b19e39ea75698946c98') in 0.005712 seconds 
