Using pre-set license
Built from '2022.1/release' branch; Version is '2022.1.21f1 (9ac1ff5ca45b) revision 10142207'; Using compiler version '192829333'; Build Type 'Release'
OS: 'Windows 10  (10.0.19043) 64bit Professional' Language: 'es' Physical Memory: 32489 MB
BatchMode: 1, IsHumanControllingUs: 0, StartBugReporterOnCrash: 0, Is64bit: 1, IsPro: 1

COMMAND LINE ARGUMENTS:
C:\Program Files\Unity\Hub\Editor\2022.1.21f1\Editor\Unity.exe
-adb2
-batchMode
-noUpm
-name
AssetImportWorker4
-projectPath
C:/Users/Alumno/Documents/GitHub/AMD/AMD
-logFile
Logs/AssetImportWorker4.log
-srvPort
56697
Successfully changed project path to: C:/Users/Alumno/Documents/GitHub/AMD/AMD
C:/Users/Alumno/Documents/GitHub/AMD/AMD
[UnityMemory] Configuration Parameters - Can be set up in boot.config
    "memorysetup-bucket-allocator-granularity=16"
    "memorysetup-bucket-allocator-bucket-count=8"
    "memorysetup-bucket-allocator-block-size=33554432"
    "memorysetup-bucket-allocator-block-count=8"
    "memorysetup-main-allocator-block-size=16777216"
    "memorysetup-thread-allocator-block-size=16777216"
    "memorysetup-gfx-main-allocator-block-size=16777216"
    "memorysetup-gfx-thread-allocator-block-size=16777216"
    "memorysetup-cache-allocator-block-size=4194304"
    "memorysetup-typetree-allocator-block-size=2097152"
    "memorysetup-profiler-bucket-allocator-granularity=16"
    "memorysetup-profiler-bucket-allocator-bucket-count=8"
    "memorysetup-profiler-bucket-allocator-block-size=33554432"
    "memorysetup-profiler-bucket-allocator-block-count=8"
    "memorysetup-profiler-allocator-block-size=16777216"
    "memorysetup-profiler-editor-allocator-block-size=1048576"
    "memorysetup-temp-allocator-size-main=16777216"
    "memorysetup-job-temp-allocator-block-size=2097152"
    "memorysetup-job-temp-allocator-block-size-background=1048576"
    "memorysetup-job-temp-allocator-reduction-small-platforms=262144"
    "memorysetup-temp-allocator-size-background-worker=32768"
    "memorysetup-temp-allocator-size-job-worker=262144"
    "memorysetup-temp-allocator-size-preload-manager=33554432"
    "memorysetup-temp-allocator-size-nav-mesh-worker=65536"
    "memorysetup-temp-allocator-size-audio-worker=65536"
    "memorysetup-temp-allocator-size-cloud-worker=32768"
    "memorysetup-temp-allocator-size-gi-baking-worker=262144"
    "memorysetup-temp-allocator-size-gfx=262144"
Refreshing native plugins compatible for Editor in 201.13 ms, found 4 plugins.
Preloading 0 native plugins for Editor in 0.00 ms.
Initialize engine version: 2022.1.21f1 (9ac1ff5ca45b)
[Subsystems] Discovering subsystems at path C:/Program Files/Unity/Hub/Editor/2022.1.21f1/Editor/Data/Resources/UnitySubsystems
[Subsystems] Discovering subsystems at path C:/Users/Alumno/Documents/GitHub/AMD/AMD/Assets
GfxDevice: creating device client; threaded=0; jobified=0
Direct3D:
    Version:  Direct3D 11.0 [level 11.1]
    Renderer: NVIDIA T1000 (ID=0x1fb0)
    Vendor:   NVIDIA
    VRAM:     3962 MB
    Driver:   30.0.15.1215
Initialize mono
Mono path[0] = 'C:/Program Files/Unity/Hub/Editor/2022.1.21f1/Editor/Data/Managed'
Mono path[1] = 'C:/Program Files/Unity/Hub/Editor/2022.1.21f1/Editor/Data/MonoBleedingEdge/lib/mono/unityjit-win32'
Mono config path = 'C:/Program Files/Unity/Hub/Editor/2022.1.21f1/Editor/Data/MonoBleedingEdge/etc'
Using monoOptions --debugger-agent=transport=dt_socket,embedding=1,server=y,suspend=n,address=127.0.0.1:56340
Begin MonoManager ReloadAssembly
Registering precompiled unity dll's ...
Register platform support module: C:/Program Files/Unity/Hub/Editor/2022.1.21f1/Editor/Data/PlaybackEngines/AndroidPlayer/UnityEditor.Android.Extensions.dll
Register platform support module: C:/Program Files/Unity/Hub/Editor/2022.1.21f1/Editor/Data/PlaybackEngines/iOSSupport/UnityEditor.iOS.Extensions.dll
Register platform support module: C:/Program Files/Unity/Hub/Editor/2022.1.21f1/Editor/Data/PlaybackEngines/WindowsStandaloneSupport/UnityEditor.WindowsStandalone.Extensions.dll
Registered in 0.232466 seconds.
Native extension for WindowsStandalone target not found
[usbmuxd] Start listen thread
[usbmuxd] Listen thread started
Native extension for iOS target not found
Native extension for Android target not found
Refreshing native plugins compatible for Editor in 77.47 ms, found 4 plugins.
Preloading 0 native plugins for Editor in 0.00 ms.
Mono: successfully reloaded assembly
- Completed reload, in  4.844 seconds
Domain Reload Profiling:
	ReloadAssembly (4844ms)
		BeginReloadAssembly (3069ms)
			ExecutionOrderSort (0ms)
			DisableScriptedObjects (0ms)
			BackupInstance (0ms)
			ReleaseScriptingObjects (0ms)
			CreateAndSetChildDomain (1ms)
		EndReloadAssembly (1189ms)
			LoadAssemblies (3070ms)
			RebuildTransferFunctionScriptingTraits (0ms)
			SetupTypeCache (727ms)
				TypeCache.Initialize (727ms)
					TypeCache.ScanAssembly (726ms)
				ResolveRequiredComponents (0ms)
			ReleaseScriptCaches (0ms)
			RebuildScriptCaches (26ms)
			SetupLoadedEditorAssemblies (382ms)
				LogAssemblyErrors (0ms)
				InitializePlatformSupportModulesInManaged (149ms)
				SetLoadedEditorAssemblies (9ms)
				RefreshPlugins (78ms)
				BeforeProcessingInitializeOnLoad (1ms)
				ProcessInitializeOnLoadAttributes (98ms)
				ProcessInitializeOnLoadMethodAttributes (46ms)
				AfterProcessingInitializeOnLoad (0ms)
				EditorAssembliesLoaded (0ms)
			ExecutionOrderSort2 (0ms)
			AwakeInstancesAfterBackupRestoration (0ms)
Platform modules already initialized, skipping
Registering precompiled user dll's ...
Registered in 1.068823 seconds.
Android Extension - Scanning For ADB Devices 4335 ms
Begin MonoManager ReloadAssembly
Symbol file LoadedFromMemory doesn't match image C:\Users\Alumno\Documents\GitHub\AMD\AMD\Library\PackageCache\com.unity.visualscripting@1.7.8\Editor\VisualScripting.Core\Dependencies\YamlDotNet\Unity.VisualScripting.YamlDotNet.dll
Symbol file LoadedFromMemory doesn't match image C:\Users\Alumno\Documents\GitHub\AMD\AMD\Library\PackageCache\com.unity.visualscripting@1.7.8\Editor\VisualScripting.Core\Dependencies\DotNetZip\Unity.VisualScripting.IonicZip.dll
Native extension for WindowsStandalone target not found
Native extension for iOS target not found
Native extension for Android target not found
Refreshing native plugins compatible for Editor in 0.68 ms, found 4 plugins.
Preloading 0 native plugins for Editor in 0.00 ms.
Mono: successfully reloaded assembly
- Completed reload, in  2.587 seconds
Domain Reload Profiling:
	ReloadAssembly (2588ms)
		BeginReloadAssembly (106ms)
			ExecutionOrderSort (0ms)
			DisableScriptedObjects (5ms)
			BackupInstance (0ms)
			ReleaseScriptingObjects (0ms)
			CreateAndSetChildDomain (20ms)
		EndReloadAssembly (2291ms)
			LoadAssemblies (175ms)
			RebuildTransferFunctionScriptingTraits (0ms)
			SetupTypeCache (742ms)
				TypeCache.Initialize (737ms)
					TypeCache.ScanAssembly (733ms)
				ResolveRequiredComponents (6ms)
			ReleaseScriptCaches (1ms)
			RebuildScriptCaches (57ms)
			SetupLoadedEditorAssemblies (1265ms)
				LogAssemblyErrors (0ms)
				InitializePlatformSupportModulesInManaged (22ms)
				SetLoadedEditorAssemblies (8ms)
				RefreshPlugins (1ms)
				BeforeProcessingInitializeOnLoad (80ms)
				ProcessInitializeOnLoadAttributes (318ms)
				ProcessInitializeOnLoadMethodAttributes (829ms)
				AfterProcessingInitializeOnLoad (6ms)
				EditorAssembliesLoaded (0ms)
			ExecutionOrderSort2 (0ms)
			AwakeInstancesAfterBackupRestoration (5ms)
Platform modules already initialized, skipping
========================================================================
Worker process is ready to serve import requests
Launched and connected shader compiler UnityShaderCompiler.exe after 0.05 seconds
Refreshing native plugins compatible for Editor in 0.94 ms, found 4 plugins.
Preloading 0 native plugins for Editor in 0.00 ms.
Unloading 3603 Unused Serialized files (Serialized files now loaded: 0)
Unloading 43 unused Assets / (60.8 KB). Loaded Objects now: 4127.
Memory consumption went from 0.54 GB to 0.54 GB.
Total: 3.408200 ms (FindLiveObjects: 0.256700 ms CreateObjectMapping: 0.156900 ms MarkObjects: 2.906600 ms  DeleteObjects: 0.086800 ms)

AssetImportParameters requested are different than current active one (requested -> active):
  custom:video-decoder-ogg-theora: a1e56fd34408186e4bbccfd4996cb3dc -> 
  custom:container-muxer-webm: aa71ff27fc2769a1b78a27578f13a17b -> 
  custom:container-demuxer-webm: 4f35f7cbe854078d1ac9338744f61a02 -> 
  custom:video-encoder-webm-vp8: eb34c28f22e8b96e1ab97ce403110664 -> 
  custom:audio-encoder-webm-vorbis: bf7c407c2cedff20999df2af8eb42d56 -> 
  custom:framework-win-MediaFoundation: 216162199b28c13a410421893ffa2e32 -> 
  custom:container-demuxer-ogg: 62fdf1f143b41e24485cea50d1cbac27 -> 
  custom:video-decoder-webm-vp8: 9c59270c3fd7afecdb556c50c9e8de78 -> 
  custom:audio-decoder-ogg-vorbis: bf7c407c2cedff20999df2af8eb42d56 -> 
========================================================================
Received Import Request.
  Time since last request: 9645.223798 seconds.
  path: Assets/_Data/Materials/Textures/rebordeMenus.png
  artifactKey: Guid(cd5756da92a148a448f06378f53c0dfc) Importer(815301076,1909f56bfc062723c751e8b465ee728b)
Start importing Assets/_Data/Materials/Textures/rebordeMenus.png using Guid(cd5756da92a148a448f06378f53c0dfc) Importer(815301076,1909f56bfc062723c751e8b465ee728b)  -> (artifact id: 'f6258586e48003b1add1bd2485e87dfb') in 0.095994 seconds 
========================================================================
Received Import Request.
  Time since last request: 26.477555 seconds.
  path: Assets/_Data/Materials/Textures/interiorMenus.png
  artifactKey: Guid(fe18534074381154686f388b87e3f479) Importer(815301076,1909f56bfc062723c751e8b465ee728b)
Start importing Assets/_Data/Materials/Textures/interiorMenus.png using Guid(fe18534074381154686f388b87e3f479) Importer(815301076,1909f56bfc062723c751e8b465ee728b)  -> (artifact id: '912de7d9f597267d2111e2973a507a36') in 0.013020 seconds 
========================================================================
Received Import Request.
  Time since last request: 14.325324 seconds.
  path: Assets/_Data/Materials/Textures/interiorMenus.png
  artifactKey: Guid(fe18534074381154686f388b87e3f479) Importer(815301076,1909f56bfc062723c751e8b465ee728b)
Start importing Assets/_Data/Materials/Textures/interiorMenus.png using Guid(fe18534074381154686f388b87e3f479) Importer(815301076,1909f56bfc062723c751e8b465ee728b)  -> (artifact id: 'f536a44e1487b6de034acfccaa373498') in 0.010474 seconds 
========================================================================
Received Import Request.
  Time since last request: 57.891280 seconds.
  path: Assets/_Data/Materials/Textures/interiorMenus.png
  artifactKey: Guid(fe18534074381154686f388b87e3f479) Importer(815301076,1909f56bfc062723c751e8b465ee728b)
Start importing Assets/_Data/Materials/Textures/interiorMenus.png using Guid(fe18534074381154686f388b87e3f479) Importer(815301076,1909f56bfc062723c751e8b465ee728b)  -> (artifact id: '355fef0b1d001691b49c1c1274b6038f') in 0.014238 seconds 
========================================================================
Received Import Request.
  Time since last request: 111.078982 seconds.
  path: Assets/_Data/Materials/Textures/interiorMenus.png
  artifactKey: Guid(fe18534074381154686f388b87e3f479) Importer(815301076,1909f56bfc062723c751e8b465ee728b)
Start importing Assets/_Data/Materials/Textures/interiorMenus.png using Guid(fe18534074381154686f388b87e3f479) Importer(815301076,1909f56bfc062723c751e8b465ee728b)  -> (artifact id: 'a99b7b6a5d8b6cb9b9be5bf135ddf193') in 0.011018 seconds 
========================================================================
Received Import Request.
  Time since last request: 125.376966 seconds.
  path: Assets/_Data/Materials/Textures/interiorMenus.png
  artifactKey: Guid(fe18534074381154686f388b87e3f479) Importer(815301076,1909f56bfc062723c751e8b465ee728b)
Start importing Assets/_Data/Materials/Textures/interiorMenus.png using Guid(fe18534074381154686f388b87e3f479) Importer(815301076,1909f56bfc062723c751e8b465ee728b)  -> (artifact id: '626c07d01f665cab7d5191499bee3de7') in 0.012401 seconds 
========================================================================
Received Import Request.
  Time since last request: 143.426407 seconds.
  path: Assets/Rewired/Extras/ControlMapper/Images/icon-mouse.png
  artifactKey: Guid(fc88ce24a47f4014cb0ad237abc8d1dd) Importer(815301076,1909f56bfc062723c751e8b465ee728b)
Start importing Assets/Rewired/Extras/ControlMapper/Images/icon-mouse.png using Guid(fc88ce24a47f4014cb0ad237abc8d1dd) Importer(815301076,1909f56bfc062723c751e8b465ee728b)  -> (artifact id: 'de3dd6db83fa474e9d6928db54193980') in 0.016635 seconds 
========================================================================
Received Import Request.
  Time since last request: 0.003141 seconds.
  path: Assets/Rewired/Examples/CustomControllersTouch/Images/Joystickcircle.png
  artifactKey: Guid(0e015ecd147972c41b1faf4690c53167) Importer(815301076,1909f56bfc062723c751e8b465ee728b)
Start importing Assets/Rewired/Examples/CustomControllersTouch/Images/Joystickcircle.png using Guid(0e015ecd147972c41b1faf4690c53167) Importer(815301076,1909f56bfc062723c751e8b465ee728b)  -> (artifact id: '68447cd55189cd445e44606369cb7c22') in 0.021295 seconds 
========================================================================
Received Import Request.
  Time since last request: 0.000022 seconds.
  path: Assets/Rewired/Examples/Shared/Sprites/pointer.png
  artifactKey: Guid(8f074558a0d80874984ff71650594d39) Importer(815301076,1909f56bfc062723c751e8b465ee728b)
Start importing Assets/Rewired/Examples/Shared/Sprites/pointer.png using Guid(8f074558a0d80874984ff71650594d39) Importer(815301076,1909f56bfc062723c751e8b465ee728b)  -> (artifact id: '89fa1089ff7f2cbfe7e868a2b6af5260') in 0.020146 seconds 
========================================================================
Received Import Request.
  Time since last request: 0.003396 seconds.
  path: Assets/Rewired/Extras/TouchControls/Sprites/Joysticks/Sticks/SciFiStick01.png
  artifactKey: Guid(60ea8620e7f042946a2fc4ae4dbb1c82) Importer(815301076,1909f56bfc062723c751e8b465ee728b)
Start importing Assets/Rewired/Extras/TouchControls/Sprites/Joysticks/Sticks/SciFiStick01.png using Guid(60ea8620e7f042946a2fc4ae4dbb1c82) Importer(815301076,1909f56bfc062723c751e8b465ee728b)  -> (artifact id: 'b5555427e97bcfc6fcbacc51dacb8460') in 0.021275 seconds 
========================================================================
Received Import Request.
  Time since last request: 0.000020 seconds.
  path: Assets/Rewired/Extras/TouchControls/Sprites/Backgrounds/Rounded01.png
  artifactKey: Guid(acd8278e920cf5e46bbef8a57bd04ae5) Importer(815301076,1909f56bfc062723c751e8b465ee728b)
Start importing Assets/Rewired/Extras/TouchControls/Sprites/Backgrounds/Rounded01.png using Guid(acd8278e920cf5e46bbef8a57bd04ae5) Importer(815301076,1909f56bfc062723c751e8b465ee728b)  -> (artifact id: 'ac676afcddc65c97f7f34495b436c2e5') in 0.018838 seconds 
========================================================================
Received Import Request.
  Time since last request: 0.000017 seconds.
  path: Assets/Rewired/Examples/GamepadTemplateUI/Images/shoulder-button-front.png
  artifactKey: Guid(ad926f266f5327d48b890791e37dfcd1) Importer(815301076,1909f56bfc062723c751e8b465ee728b)
Start importing Assets/Rewired/Examples/GamepadTemplateUI/Images/shoulder-button-front.png using Guid(ad926f266f5327d48b890791e37dfcd1) Importer(815301076,1909f56bfc062723c751e8b465ee728b)  -> (artifact id: '07262604085d0b19bb8831468e7c4210') in 0.015023 seconds 
========================================================================
Received Import Request.
  Time since last request: 0.000023 seconds.
  path: Assets/Rewired/Examples/GamepadTemplateUI/Images/shoulder-button-top.png
  artifactKey: Guid(c0c2cfc86a6e7a846ab953ca1d4c6787) Importer(815301076,1909f56bfc062723c751e8b465ee728b)
Start importing Assets/Rewired/Examples/GamepadTemplateUI/Images/shoulder-button-top.png using Guid(c0c2cfc86a6e7a846ab953ca1d4c6787) Importer(815301076,1909f56bfc062723c751e8b465ee728b)  -> (artifact id: '0579cfd9d483a10366d1ce06a87db87b') in 0.018831 seconds 
========================================================================
Received Import Request.
  Time since last request: 0.000018 seconds.
  path: Assets/Rewired/Examples/GamepadTemplateUI/Images/stick-base.png
  artifactKey: Guid(9e5bc0ff73219dd4dbf19d928c0b867a) Importer(815301076,1909f56bfc062723c751e8b465ee728b)
Start importing Assets/Rewired/Examples/GamepadTemplateUI/Images/stick-base.png using Guid(9e5bc0ff73219dd4dbf19d928c0b867a) Importer(815301076,1909f56bfc062723c751e8b465ee728b)  -> (artifact id: '5521923778401802b1a1b8b89f816534') in 0.015230 seconds 
========================================================================
Received Import Request.
  Time since last request: 0.000022 seconds.
  path: Assets/Rewired/Extras/TouchControls/Sprites/Joysticks/Bases/SciFiBase01.png
  artifactKey: Guid(7aabf0cbbd38b6143a05115105c53cf3) Importer(815301076,1909f56bfc062723c751e8b465ee728b)
Start importing Assets/Rewired/Extras/TouchControls/Sprites/Joysticks/Bases/SciFiBase01.png using Guid(7aabf0cbbd38b6143a05115105c53cf3) Importer(815301076,1909f56bfc062723c751e8b465ee728b)  -> (artifact id: '82d2ba70ebff061c5f2fe4fd370c6b9b') in 0.031086 seconds 
========================================================================
Received Import Request.
  Time since last request: 0.555478 seconds.
  path: Assets/Rewired/Extras/TouchControls/Sprites/Joysticks/Sticks/ThumbStick01.png
  artifactKey: Guid(55395ad1816d94641a7482fe0fbf71ab) Importer(815301076,1909f56bfc062723c751e8b465ee728b)
Start importing Assets/Rewired/Extras/TouchControls/Sprites/Joysticks/Sticks/ThumbStick01.png using Guid(55395ad1816d94641a7482fe0fbf71ab) Importer(815301076,1909f56bfc062723c751e8b465ee728b)  -> (artifact id: '4078ea51f6964c3bef9d3a82015b8ac9') in 0.023817 seconds 
Editor requested this worker to shutdown with reason: Scaling down because of idle timeout
AssetImportWorker is now disconnected from the server
Process exiting
Exiting without the bug reporter. Application will terminate with return code 0